<?xml version="1.0" encoding="UTF-8"?>
<!-- Generated by org.testng.reporters.JUnitXMLReporter -->
<testsuite hostname="994560APD035872" name="Test" tests="4" failures="0" timestamp="15 May 2019 19:01:43 GMT" time="298.965" errors="0">
  <testcase name="LoginTest" time="23.26" classname="com.eTools.testcases.FAMUnicefWorkFlowTest"/>
  <testcase name="createEngagementTest" time="63.722" classname="com.eTools.testcases.FAMUnicefWorkFlowTest"/>
  <testcase name="completeAuditTest" time="137.319" classname="com.eTools.testcases.FAMUnicefWorkFlowTest"/>
  <testcase name="FinalizeEngagementTest" time="74.287" classname="com.eTools.testcases.FAMUnicefWorkFlowTest"/>
</testsuite> <!-- Test -->
